0908 app_context::start_logger  503 ---- 2026/01/11 17:57:13.949 -------------------------------------------------
0908 app_context::start_logger  506 Host process is 'cmd.exe' (pid 2312)
0908 app_context::start_logger  510 DLL path is 'c:\opt\dev\clink'
0908 app_context::start_logger  513 DLL base is 00007FF8153C0000
0908 app_context::start_logger  528 Windows version 10.0.26200 (x64)
0908 app_context::start_logger  530 Clink version 1.8.4.72da93 (x64)
0908 hook_setter::hook_setter  176 >>> Started hook transaction.
0908 hook_setter::attach_iat   351 Hooking SetEnvironmentVariableW in IAT for module 00007FF7442B0000 in 'api-ms-win-core-processenvironment-l1-1-0.dll' at 00007FF7442EAE70 (value was 00007FF8BA421CE0).
0908 hook_setter::attach_iat   351 Hooking SetEnvironmentStringsW in IAT for module 00007FF7442B0000 in 'api-ms-win-core-processenvironment-l1-1-0.dll' at 00007FF7442EAE78 (value was 00007FF8BA436F20).
0908 hook_setter::attach_iat   351 Hooking WriteConsoleW in IAT for module 00007FF7442B0000 in 'api-ms-win-core-console-l1-1-0.dll' at 00007FF7442EAAB8 (value was 00007FF8BA41C110).
0908 hook_setter::attach_iat   351 Hooking GetEnvironmentVariableW in IAT for module 00007FF7442B0000 in 'api-ms-win-core-processenvironment-l1-1-0.dll' at 00007FF7442EAE50 (value was 00007FF8BA3FF7D0).
0908 hook_setter::commit       227 <<< Hook transaction committed.
0908 initialise_clink          237 Inject completed at 2026/01/11 17:57:13.962
0908 hook_setter::hook_setter  176 >>> Started hook transaction.
0908 hook_setter::detach_iat   411 Unhooking GetEnvironmentVariableW in IAT for module 00007FF7442B0000 in 'api-ms-win-core-processenvironment-l1-1-0.dll' at 00007FF8153ED8E0.
0908 hook_setter::commit       227 <<< Hook transaction committed.
0908 hook_setter::hook_setter  176 >>> Started hook transaction.
0908 hook_setter::attach_iat   351 Hooking ReadConsoleW in IAT for module 00007FF7442B0000 in 'api-ms-win-core-console-l1-1-0.dll' at 00007FF7442EAAC8 (value was 00007FF8BA3FFFF0).
0908 hook_setter::attach_iat   351 Hooking SetConsoleTitleW in IAT for module 00007FF7442B0000 in 'api-ms-win-core-console-l2-2-0.dll' at 00007FF7442EAB30 (value was 00007FF8BA40F5A0).
0908 hook_setter::commit       227 <<< Hook transaction committed.
0908 win_screen_buffer::begin  421 Using native terminal support (auto mode found 'WindowsTerminal.exe').
0908 reset_handle              144 resetting mismatched stdout handle
0908 reset_handle              144 resetting mismatched stderr handle
0908 host_lua::load_scripts    208 Loaded 1 Lua scripts in 0 ms
0908 @~clink~/app/update.lua   423 Clink updater: too soon to check for updates (1768092103 vs 1768172233).
0908 extract_ctag              938 read 0 bytes
0908 extract_ctag              938 read 0 bytes
0908 history_db::initialise   1328 master bank ctag: |CTAG_1768172233_894085843_2312_0
0908 history_db::compact      1610 History:  0 active, 0 deleted
0908 reset_handle              144 resetting mismatched stdout handle
0908 reset_handle              144 resetting mismatched stderr handle
0908 history_db::compact      1610 History:  0 active, 0 deleted
